[INFO ] 2020-09-19 20:36:44.412 [main] Assignment2_MakeMyTrip - ***********TC01_Book_Ticket_MakeMyTrip***************
[INFO ] 2020-09-19 20:36:47.518 [main] Assignment2_MakeMyTrip - Make My Trip page loaded
[INFO ] 2020-09-19 20:36:54.930 [main] Assignment2_MakeMyTrip - Iframe has been identified and closed
[INFO ] 2020-09-19 20:36:55.960 [main] Assignment2_MakeMyTrip - Roundway Selected
[INFO ] 2020-09-19 20:36:57.650 [main] Assignment2_MakeMyTrip - Selected From and To City
[INFO ] 2020-09-19 20:37:19.203 [main] Assignment2_MakeMyTrip - Departure Date seleted
[INFO ] 2020-09-19 20:37:20.175 [main] Assignment2_MakeMyTrip - Return Date seleted
[INFO ] 2020-09-19 20:37:25.107 [main] Assignment2_MakeMyTrip - Clicked on Search Button
[INFO ] 2020-09-19 20:37:34.839 [main] Assignment2_MakeMyTrip - Seleted Low Price
[INFO ] 2020-09-19 20:37:35.354 [main] Assignment2_MakeMyTrip - Review Page loaded
[INFO ] 2020-09-19 20:43:35.501 [main] Assignment2_MakeMyTrip - ***********TC01_Book_Ticket_MakeMyTrip***************
[INFO ] 2020-09-19 20:43:37.541 [main] Assignment2_MakeMyTrip - Make My Trip page loaded
[INFO ] 2020-09-19 20:43:45.862 [main] Assignment2_MakeMyTrip - Iframe has been identified and closed
[INFO ] 2020-09-19 20:43:46.880 [main] Assignment2_MakeMyTrip - Roundway Selected
[INFO ] 2020-09-19 20:43:48.479 [main] Assignment2_MakeMyTrip - Selected From and To City
[INFO ] 2020-09-19 20:44:09.823 [main] Assignment2_MakeMyTrip - Departure Date seleted
[INFO ] 2020-09-19 20:44:10.722 [main] Assignment2_MakeMyTrip - Return Date seleted
[INFO ] 2020-09-19 20:44:14.147 [main] Assignment2_MakeMyTrip - Clicked on Search Button
[INFO ] 2020-09-19 20:44:24.256 [main] Assignment2_MakeMyTrip - Seleted Low Price
[INFO ] 2020-09-19 20:44:24.926 [main] Assignment2_MakeMyTrip - Review Page loaded
